<?xml version="1.0" encoding="UTF-8"?>
<!-- Generated by org.testng.reporters.JUnitXMLReporter -->
<testsuite ignored="0" hostname="Salapang-PC" failures="0" tests="4" name="Default test" time="6.548" errors="0" timestamp="2021-05-17T01:51:10 CST">
  <testcase classname="ApiUnitTesting" name="testing1post" time="3.216"/>
  <testcase classname="ApiUnitTesting" name="testing2patch" time="1.433"/>
  <testcase classname="ApiUnitTesting" name="testing3get" time="0.65"/>
  <testcase classname="ApiUnitTesting" name="testing4delete" time="1.198"/>
</testsuite> <!-- Default test -->
