<?xml version="1.0" encoding="UTF-8"?>
<testng-results ignored="0" total="1" passed="1" failed="0" skipped="0">
  <reporter-output>
  </reporter-output>
  <suite started-at="2021-05-17T01:41:02 CST" name="Default suite" finished-at="2021-05-17T01:41:05 CST" duration-ms="2946">
    <groups>
    </groups>
    <test started-at="2021-05-17T01:41:02 CST" name="Default test" finished-at="2021-05-17T01:41:05 CST" duration-ms="2946">
      <class name="ApiUnitTesting">
        <test-method signature="testingpost()[pri:0, instance:ApiUnitTesting@20d28811]" started-at="2021-05-17T01:41:02 CST" name="testingpost" finished-at="2021-05-17T01:41:05 CST" duration-ms="2902" status="PASS">
          <reporter-output>
          </reporter-output>
        </test-method> <!-- testingpost -->
      </class> <!-- ApiUnitTesting -->
    </test> <!-- Default test -->
  </suite> <!-- Default suite -->
</testng-results>
